#
# A fatal error has been detected by the Java Runtime Environment:
#
#  Internal Error (nativeInst_x86.cpp:155), pid=7396, tid=0x0000000000001c1c
#  guarantee(!os::is_MP() || is_aligned) failed: destination must be aligned
#
# JRE version: Java(TM) SE Runtime Environment (8.0_111-b14) (build 1.8.0_111-b14)
# Java VM: Java HotSpot(TM) 64-Bit Server VM (25.111-b14 mixed mode windows-amd64 compressed oops)
# Failed to write core dump. Minidumps are not enabled by default on client versions of Windows
#
# If you would like to submit a bug report, please visit:
#   http://bugreport.java.com/bugreport/crash.jsp
#

---------------  T H R E A D  ---------------

Current thread (0x000000005a310800):  JavaThread "C1 CompilerThread1" daemon [_thread_in_vm, id=7196, stack(0x000000005c2e0000,0x000000005c3e0000)]

Stack: [0x000000005c2e0000,0x000000005c3e0000]
[error occurred during error reporting (printing stack bounds), id 0xc0000005]

Native frames: (J=compiled Java code, j=interpreted, Vv=VM code, C=native code)


---------------  P R O C E S S  ---------------

Java Threads: ( => current thread )
  0x000000005f343800 JavaThread "hystrix-HelloService-3" daemon [_thread_blocked, id=4488, stack(0x0000000069ab0000,0x0000000069bb0000)]
  0x0000000058bc2800 JavaThread "http-nio-9000-exec-5" daemon [_thread_blocked, id=4044, stack(0x0000000069860000,0x0000000069960000)]
  0x000000005f342800 JavaThread "hystrix-HelloService-2" daemon [_thread_blocked, id=3416, stack(0x0000000069640000,0x0000000069740000)]
  0x000000005f342000 JavaThread "HystrixTimer-2" daemon [_thread_blocked, id=3036, stack(0x0000000069500000,0x0000000069600000)]
  0x000000005f341000 JavaThread "http-nio-9000-exec-4" daemon [_thread_blocked, id=7560, stack(0x00000000692e0000,0x00000000693e0000)]
  0x000000005f340800 JavaThread "http-nio-9000-exec-3" daemon [_thread_blocked, id=7824, stack(0x0000000068e20000,0x0000000068f20000)]
  0x000000005f33f000 JavaThread "http-nio-9000-exec-2" daemon [_thread_blocked, id=7548, stack(0x00000000690c0000,0x00000000691c0000)]
  0x000000005f33f800 JavaThread "PollingServerListUpdater-1" daemon [_thread_blocked, id=2920, stack(0x0000000068fb0000,0x00000000690b0000)]
  0x000000005f33e000 JavaThread "DataPublisher" daemon [_thread_blocked, id=8004, stack(0x00000000691d0000,0x00000000692d0000)]
  0x000000005f33d800 JavaThread "PollingServerListUpdater-0" daemon [_thread_blocked, id=3048, stack(0x00000000620a0000,0x00000000621a0000)]
  0x000000005f33c800 JavaThread "NFLoadBalancer-PingTimer-HELLO-SERVICE" daemon [_thread_blocked, id=6672, stack(0x00000000687d0000,0x00000000688d0000)]
  0x00000000610b0800 JavaThread "hystrix-HelloService-1" daemon [_thread_blocked, id=7836, stack(0x00000000685d0000,0x00000000686d0000)]
  0x00000000610b0000 JavaThread "HystrixTimer-1" daemon [_thread_blocked, id=8012, stack(0x0000000068280000,0x0000000068380000)]
  0x00000000610af000 JavaThread "RxComputationScheduler-2" daemon [_thread_blocked, id=3624, stack(0x00000000680e0000,0x00000000681e0000)]
  0x00000000610ae800 JavaThread "RxComputationScheduler-1" daemon [_thread_blocked, id=5704, stack(0x0000000067fd0000,0x00000000680d0000)]
  0x00000000610ad800 JavaThread "RxIoScheduler-1 (Evictor)" daemon [_thread_blocked, id=5140, stack(0x0000000065f60000,0x0000000066060000)]
  0x00000000610ad000 JavaThread "http-nio-9000-exec-1" daemon [_thread_blocked, id=7852, stack(0x000000005b280000,0x000000005b380000)]
  0x00000000610ac000 JavaThread "DiscoveryClient-2" daemon [_thread_blocked, id=8180, stack(0x0000000067e60000,0x0000000067f60000)]
  0x00000000610ab800 JavaThread "DiscoveryClient-HeartbeatExecutor-0" daemon [_thread_blocked, id=8100, stack(0x0000000067a40000,0x0000000067b40000)]
  0x000000005a338800 JavaThread "DiscoveryClient-CacheRefreshExecutor-0" daemon [_thread_blocked, id=7908, stack(0x00000000675b0000,0x00000000676b0000)]
  0x000000005a336000 JavaThread "DestroyJavaVM" [_thread_blocked, id=7904, stack(0x0000000002360000,0x0000000002460000)]
  0x00000000610aa800 JavaThread "http-nio-9000-Acceptor-0" daemon [_thread_in_native, id=7728, stack(0x0000000067ca0000,0x0000000067da0000)]
  0x00000000610aa000 JavaThread "http-nio-9000-ClientPoller-1" daemon [_thread_in_native, id=7724, stack(0x0000000067b40000,0x0000000067c40000)]
  0x000000005caf6800 JavaThread "http-nio-9000-ClientPoller-0" daemon [_thread_in_native, id=7720, stack(0x00000000678b0000,0x00000000679b0000)]
  0x000000005caf6000 JavaThread "NioBlockingSelector.BlockPoller-1" daemon [_thread_in_native, id=7716, stack(0x0000000067720000,0x0000000067820000)]
  0x000000005caf5000 JavaThread "HystrixMetricPoller" daemon [_thread_blocked, id=7688, stack(0x0000000066490000,0x0000000066590000)]
  0x000000005caf4800 JavaThread "DiscoveryClient-InstanceInfoReplicator-0" daemon [_thread_blocked, id=7684, stack(0x0000000065c60000,0x0000000065d60000)]
  0x000000005caf3800 JavaThread "DiscoveryClient-1" daemon [_thread_blocked, id=7676, stack(0x00000000667a0000,0x00000000668a0000)]
  0x000000005caf3000 JavaThread "DiscoveryClient-0" daemon [_thread_blocked, id=7312, stack(0x00000000665e0000,0x00000000666e0000)]
  0x000000005caf2000 JavaThread "AsyncResolver-bootstrap-0" daemon [_thread_blocked, id=7652, stack(0x0000000066060000,0x0000000066160000)]
  0x000000005caf1800 JavaThread "Eureka-JerseyClient-Conn-Cleaner2" daemon [_thread_blocked, id=7664, stack(0x000000005c5e0000,0x000000005c6e0000)]
  0x000000005caf0800 JavaThread "Eureka-JerseyClient-Conn-Cleaner2" daemon [_thread_blocked, id=7660, stack(0x000000005e9a0000,0x000000005eaa0000)]
  0x000000005caf0000 JavaThread "spring.cloud.inetutils" daemon [_thread_blocked, id=7640, stack(0x0000000064a50000,0x0000000064b50000)]
  0x000000005a33a000 JavaThread "container-0" [_thread_blocked, id=7344, stack(0x0000000064ff0000,0x00000000650f0000)]
  0x000000005a337000 JavaThread "ContainerBackgroundProcessor[StandardEngine[Tomcat].StandardHost[localhost].StandardContext[]]" daemon [_thread_blocked, id=7340, stack(0x0000000064e70000,0x0000000064f70000)]
  0x000000005a334800 JavaThread "Service Thread" daemon [_thread_blocked, id=7200, stack(0x000000005c4a0000,0x000000005c5a0000)]
=>0x000000005a310800 JavaThread "C1 CompilerThread1" daemon [_thread_in_vm, id=7196, stack(0x000000005c2e0000,0x000000005c3e0000)]
  0x000000005a30f800 JavaThread "C2 CompilerThread0" daemon [_thread_blocked, id=7192, stack(0x000000005c1e0000,0x000000005c2e0000)]
  0x000000005a334000 JavaThread "rebel-change-detector-thread" daemon [_thread_blocked, id=7188, stack(0x000000005bf70000,0x000000005c070000)]
  0x000000005a333000 JavaThread "rebel-debugger-thread" daemon [_thread_blocked, id=7184, stack(0x000000005be00000,0x000000005bf00000)]
  0x000000005a270800 JavaThread "rebel-redeploy-thread" daemon [_thread_blocked, id=7504, stack(0x000000005b4b0000,0x000000005b5b0000)]
  0x000000005a239800 JavaThread "rebel-weak-reaper" daemon [_thread_blocked, id=7776, stack(0x000000005b720000,0x000000005b820000)]
  0x000000005a213000 JavaThread "rebel-messaging-executor-25" daemon [_thread_blocked, id=5460, stack(0x000000005baa0000,0x000000005bba0000)]
  0x000000005a0b8000 JavaThread "rebel-fsnotify-ShutdownOnTermination" daemon [_thread_in_native, id=7796, stack(0x000000005b5b0000,0x000000005b6b0000)]
  0x000000005a0da800 JavaThread "rebel-fsnotify-OutputReader" daemon [_thread_blocked, id=7268, stack(0x000000005b3b0000,0x000000005b4b0000)]
  0x000000005a0a0000 JavaThread "rebel-fsnotify-OutputReader" daemon [_thread_blocked, id=6404, stack(0x000000005ad90000,0x000000005ae90000)]
  0x000000005a0a2800 JavaThread "rebel-heartbeat-thread" daemon [_thread_blocked, id=7984, stack(0x000000005af50000,0x000000005b050000)]
  0x000000005a0a1800 JavaThread "GroupPoller" daemon [_thread_blocked, id=7976, stack(0x0000000059600000,0x0000000059700000)]
  0x000000005a055000 JavaThread "rebel-cache-writer" daemon [_thread_blocked, id=7472, stack(0x000000005ac90000,0x000000005ad90000)]
  0x0000000058ee8000 JavaThread "rebel-CacheKeepAlive" daemon [_thread_blocked, id=7484, stack(0x0000000059870000,0x0000000059970000)]
  0x0000000058c0d000 JavaThread "rebel-logger" daemon [_thread_blocked, id=8120, stack(0x0000000058560000,0x0000000058660000)]
  0x0000000057e73000 JavaThread "JDWP Command Reader" daemon [_thread_in_native, id=7444, stack(0x00000000588d0000,0x00000000589d0000)]
  0x000000005703c800 JavaThread "JDWP Event Helper Thread" daemon [_thread_blocked, id=6728, stack(0x00000000587b0000,0x00000000588b0000)]
  0x0000000057e6f800 JavaThread "JDWP Transport Listener: dt_socket" daemon [_thread_blocked, id=1648, stack(0x00000000586a0000,0x00000000587a0000)]
  0x0000000057e59800 JavaThread "Attach Listener" daemon [_thread_blocked, id=7980, stack(0x0000000058420000,0x0000000058520000)]
  0x0000000057e58800 JavaThread "Signal Dispatcher" daemon [_thread_blocked, id=6896, stack(0x0000000057a70000,0x0000000057b70000)]
  0x0000000057013000 JavaThread "Finalizer" daemon [_thread_blocked, id=7948, stack(0x0000000057d50000,0x0000000057e50000)]
  0x000000005700a000 JavaThread "Reference Handler" daemon [_thread_blocked, id=7468, stack(0x0000000057be0000,0x0000000057ce0000)]

Other Threads:
  0x0000000057003800 VMThread [stack: 0x0000000057970000,0x0000000057a70000] [id=7416]
  0x000000005a480800 WatcherThread [stack: 0x000000005c700000,0x000000005c800000] [id=7204]

VM state:not at safepoint (normal execution)

VM Mutex/Monitor currently owned by a thread:  ([mutex/lock_event])
[0x0000000002049050] Patching_lock - owner thread: 0x000000005a310800
[0x000000000204a180] CompiledIC_lock - owner thread: 0x000000005a310800

Heap:
 PSYoungGen      total 560128K, used 94669K [0x00000000d5f80000, 0x0000000100000000, 0x0000000100000000)
  eden space 538112K, 13% used [0x00000000d5f80000,0x00000000da6756c8,0x00000000f6d00000)
  from space 22016K, 99% used [0x00000000f6d00000,0x00000000f827e030,0x00000000f8280000)
  to   space 31232K, 0% used [0x00000000fe180000,0x00000000fe180000,0x0000000100000000)
 ParOldGen       total 125952K, used 72412K [0x0000000081e00000, 0x0000000089900000, 0x00000000d5f80000)
  object space 125952K, 57% used [0x0000000081e00000,0x00000000864b71f0,0x0000000089900000)
 Metaspace       used 80491K, capacity 82576K, committed 82728K, reserved 1122304K
  class space    used 9464K, capacity 9953K, committed 10024K, reserved 1048576K

Card table byte_map: [0x0000000011820000,0x0000000011c20000] byte_map_base: 0x0000000011411000

Marking Bits: (ParMarkBitMap*) 0x00000000674ca6c0
 Begin Bits: [0x0000000012330000, 0x00000000142b8000)
 End Bits:   [0x00000000142b8000, 0x0000000016240000)

Polling page: 0x00000000001a0000

CodeCache: size=245760Kb used=27904Kb max_used=27956Kb free=217855Kb
 bounds [0x0000000002460000, 0x0000000003fd0000, 0x0000000011460000]
 total_blobs=11324 nmethods=10788 adapters=456
 compilation: enabled

Compilation events (10 events):
Event: 240.139 Thread 0x000000005a30f800 12903       4       rx.exceptions.Exceptions::throwIfAny (102 bytes)
Event: 240.141 Thread 0x000000005a30f800 nmethod 12903 0x0000000002bf53d0 code [0x0000000002bf5500, 0x0000000002bf5558]
Event: 240.143 Thread 0x000000005a30f800 12904   !   4       rx.internal.util.SubscriptionList::unsubscribeFromAll (78 bytes)
Event: 240.161 Thread 0x000000005a30f800 nmethod 12904 0x00000000028dbe90 code [0x00000000028dc000, 0x00000000028dc478]
Event: 240.568 Thread 0x000000005a310800 12905       3       com.fasterxml.jackson.core.base.GeneratorBase::_jr$ig$_writeContext (8 bytes)
Event: 240.568 Thread 0x000000005a310800 nmethod 12905 0x00000000026b5710 code [0x00000000026b5880, 0x00000000026b5ab0]
Event: 242.312 Thread 0x000000005a310800 12906       3       java.nio.ByteBuffer::arrayOffset (39 bytes)
Event: 242.313 Thread 0x000000005a310800 nmethod 12906 0x0000000003fb9cd0 code [0x0000000003fb9e80, 0x0000000003fba2b8]
Event: 243.189 Thread 0x000000005a310800 12907       3       java.util.concurrent.locks.AbstractQueuedSynchronizer::transferForSignal (45 bytes)
Event: 243.190 Thread 0x000000005a310800 nmethod 12907 0x0000000002be69d0 code [0x0000000002be6b60, 0x0000000002be7058]

GC Heap History (10 events):
Event: 29.494 GC heap before
{Heap before GC invocations=22 (full 2):
 PSYoungGen      total 356864K, used 247227K [0x00000000d5f80000, 0x00000000f2b80000, 0x0000000100000000)
  eden space 344064K, 68% used [0x00000000d5f80000,0x00000000e4474910,0x00000000eaf80000)
  from space 12800K, 99% used [0x00000000eaf80000,0x00000000ebbfa670,0x00000000ebc00000)
  to   space 14848K, 0% used [0x00000000f1d00000,0x00000000f1d00000,0x00000000f2b80000)
 ParOldGen       total 88064K, used 32962K [0x0000000081e00000, 0x0000000087400000, 0x00000000d5f80000)
  object space 88064K, 37% used [0x0000000081e00000,0x0000000083e30870,0x0000000087400000)
 Metaspace       used 57618K, capacity 58936K, committed 59160K, reserved 1101824K
  class space    used 6602K, capacity 6981K, committed 7080K, reserved 1048576K
Event: 29.526 GC heap after
Heap after GC invocations=22 (full 2):
 PSYoungGen      total 452096K, used 12014K [0x00000000d5f80000, 0x00000000f2a80000, 0x0000000100000000)
  eden space 438272K, 0% used [0x00000000d5f80000,0x00000000d5f80000,0x00000000f0b80000)
  from space 13824K, 86% used [0x00000000f1d00000,0x00000000f28bb9a8,0x00000000f2a80000)
  to   space 15872K, 0% used [0x00000000f0b80000,0x00000000f0b80000,0x00000000f1b00000)
 ParOldGen       total 88064K, used 37374K [0x0000000081e00000, 0x0000000087400000, 0x00000000d5f80000)
  object space 88064K, 42% used [0x0000000081e00000,0x000000008427f908,0x0000000087400000)
 Metaspace       used 57618K, capacity 58936K, committed 59160K, reserved 1101824K
  class space    used 6602K, capacity 6981K, committed 7080K, reserved 1048576K
}
Event: 29.526 GC heap before
{Heap before GC invocations=23 (full 3):
 PSYoungGen      total 452096K, used 12014K [0x00000000d5f80000, 0x00000000f2a80000, 0x0000000100000000)
  eden space 438272K, 0% used [0x00000000d5f80000,0x00000000d5f80000,0x00000000f0b80000)
  from space 13824K, 86% used [0x00000000f1d00000,0x00000000f28bb9a8,0x00000000f2a80000)
  to   space 15872K, 0% used [0x00000000f0b80000,0x00000000f0b80000,0x00000000f1b00000)
 ParOldGen       total 88064K, used 37374K [0x0000000081e00000, 0x0000000087400000, 0x00000000d5f80000)
  object space 88064K, 42% used [0x0000000081e00000,0x000000008427f908,0x0000000087400000)
 Metaspace       used 57618K, capacity 58936K, committed 59160K, reserved 1101824K
  class space    used 6602K, capacity 6981K, committed 7080K, reserved 1048576K
Event: 29.875 GC heap after
Heap after GC invocations=23 (full 3):
 PSYoungGen      total 452096K, used 0K [0x00000000d5f80000, 0x00000000f2a80000, 0x0000000100000000)
  eden space 438272K, 0% used [0x00000000d5f80000,0x00000000d5f80000,0x00000000f0b80000)
  from space 13824K, 0% used [0x00000000f1d00000,0x00000000f1d00000,0x00000000f2a80000)
  to   space 15872K, 0% used [0x00000000f0b80000,0x00000000f0b80000,0x00000000f1b00000)
 ParOldGen       total 125952K, used 40165K [0x0000000081e00000, 0x0000000089900000, 0x00000000d5f80000)
  object space 125952K, 31% used [0x0000000081e00000,0x0000000084539510,0x0000000089900000)
 Metaspace       used 57618K, capacity 58936K, committed 59160K, reserved 1101824K
  class space    used 6602K, capacity 6981K, committed 7080K, reserved 1048576K
}
Event: 32.797 GC heap before
{Heap before GC invocations=24 (full 3):
 PSYoungGen      total 452096K, used 438272K [0x00000000d5f80000, 0x00000000f2a80000, 0x0000000100000000)
  eden space 438272K, 100% used [0x00000000d5f80000,0x00000000f0b80000,0x00000000f0b80000)
  from space 13824K, 0% used [0x00000000f1d00000,0x00000000f1d00000,0x00000000f2a80000)
  to   space 15872K, 0% used [0x00000000f0b80000,0x00000000f0b80000,0x00000000f1b00000)
 ParOldGen       total 125952K, used 40165K [0x0000000081e00000, 0x0000000089900000, 0x00000000d5f80000)
  object space 125952K, 31% used [0x0000000081e00000,0x0000000084539510,0x0000000089900000)
 Metaspace       used 62844K, capacity 64352K, committed 64552K, reserved 1105920K
  class space    used 7233K, capacity 7655K, committed 7720K, reserved 1048576K
Event: 32.847 GC heap after
Heap after GC invocations=24 (full 3):
 PSYoungGen      total 454144K, used 15851K [0x00000000d5f80000, 0x00000000f9780000, 0x0000000100000000)
  eden space 438272K, 0% used [0x00000000d5f80000,0x00000000d5f80000,0x00000000f0b80000)
  from space 15872K, 99% used [0x00000000f0b80000,0x00000000f1afafb0,0x00000000f1b00000)
  to   space 21504K, 0% used [0x00000000f8280000,0x00000000f8280000,0x00000000f9780000)
 ParOldGen       total 125952K, used 48258K [0x0000000081e00000, 0x0000000089900000, 0x00000000d5f80000)
  object space 125952K, 38% used [0x0000000081e00000,0x0000000084d209c8,0x0000000089900000)
 Metaspace       used 62844K, capacity 64352K, committed 64552K, reserved 1105920K
  class space    used 7233K, capacity 7655K, committed 7720K, reserved 1048576K
}
Event: 34.536 GC heap before
{Heap before GC invocations=25 (full 3):
 PSYoungGen      total 454144K, used 454123K [0x00000000d5f80000, 0x00000000f9780000, 0x0000000100000000)
  eden space 438272K, 100% used [0x00000000d5f80000,0x00000000f0b80000,0x00000000f0b80000)
  from space 15872K, 99% used [0x00000000f0b80000,0x00000000f1afafb0,0x00000000f1b00000)
  to   space 21504K, 0% used [0x00000000f8280000,0x00000000f8280000,0x00000000f9780000)
 ParOldGen       total 125952K, used 48258K [0x0000000081e00000, 0x0000000089900000, 0x00000000d5f80000)
  object space 125952K, 38% used [0x0000000081e00000,0x0000000084d209c8,0x0000000089900000)
 Metaspace       used 67206K, capacity 68746K, committed 68904K, reserved 1110016K
  class space    used 7817K, capacity 8222K, committed 8232K, reserved 1048576K
Event: 34.586 GC heap after
Heap after GC invocations=25 (full 3):
 PSYoungGen      total 559616K, used 13752K [0x00000000d5f80000, 0x00000000f9a00000, 0x0000000100000000)
  eden space 538112K, 0% used [0x00000000d5f80000,0x00000000d5f80000,0x00000000f6d00000)
  from space 21504K, 63% used [0x00000000f8280000,0x00000000f8fee348,0x00000000f9780000)
  to   space 22016K, 0% used [0x00000000f6d00000,0x00000000f6d00000,0x00000000f8280000)
 ParOldGen       total 125952K, used 57129K [0x0000000081e00000, 0x0000000089900000, 0x00000000d5f80000)
  object space 125952K, 45% used [0x0000000081e00000,0x00000000855ca698,0x0000000089900000)
 Metaspace       used 67206K, capacity 68746K, committed 68904K, reserved 1110016K
  class space    used 7817K, capacity 8222K, committed 8232K, reserved 1048576K
}
Event: 78.834 GC heap before
{Heap before GC invocations=26 (full 3):
 PSYoungGen      total 559616K, used 551864K [0x00000000d5f80000, 0x00000000f9a00000, 0x0000000100000000)
  eden space 538112K, 100% used [0x00000000d5f80000,0x00000000f6d00000,0x00000000f6d00000)
  from space 21504K, 63% used [0x00000000f8280000,0x00000000f8fee348,0x00000000f9780000)
  to   space 22016K, 0% used [0x00000000f6d00000,0x00000000f6d00000,0x00000000f8280000)
 ParOldGen       total 125952K, used 57129K [0x0000000081e00000, 0x0000000089900000, 0x00000000d5f80000)
  object space 125952K, 45% used [0x0000000081e00000,0x00000000855ca698,0x0000000089900000)
 Metaspace       used 79165K, capacity 81150K, committed 81320K, reserved 1120256K
  class space    used 9375K, capacity 9838K, committed 9896K, reserved 1048576K
Event: 78.910 GC heap after
Heap after GC invocations=26 (full 3):
 PSYoungGen      total 560128K, used 22008K [0x00000000d5f80000, 0x0000000100000000, 0x0000000100000000)
  eden space 538112K, 0% used [0x00000000d5f80000,0x00000000d5f80000,0x00000000f6d00000)
  from space 22016K, 99% used [0x00000000f6d00000,0x00000000f827e030,0x00000000f8280000)
  to   space 31232K, 0% used [0x00000000fe180000,0x00000000fe180000,0x0000000100000000)
 ParOldGen       total 125952K, used 72412K [0x0000000081e00000, 0x0000000089900000, 0x00000000d5f80000)
  object space 125952K, 57% used [0x0000000081e00000,0x00000000864b71f0,0x0000000089900000)
 Metaspace       used 79165K, capacity 81150K, committed 81320K, reserved 1120256K
  class space    used 9375K, capacity 9838K, committed 9896K, reserved 1048576K
}

Deoptimization events (10 events):
Event: 78.753 Thread 0x00000000610b0800 Uncommon trap: reason=unstable_if action=reinterpret pc=0x00000000026c8b54 method=com.zeroturnaround.javarebel.evk.a(Lcom/zeroturnaround/javarebel/ejz;ILjava/lang/String;Ljava/lang/String;Ljava/lang/String;Lcom/zeroturnaround/javarebel/esv;)Z @ 444
Event: 79.015 Thread 0x00000000610b0800 Uncommon trap: reason=unstable_if action=reinterpret pc=0x0000000003b5c720 method=com.zeroturnaround.javarebel.eka.a(ILjava/lang/String;Ljava/lang/String;Ljava/lang/String;)V @ 35
Event: 79.098 Thread 0x00000000610b0800 Uncommon trap: reason=unstable_if action=reinterpret pc=0x0000000003ce0830 method=com.zeroturnaround.javarebel.evk.a(Lcom/zeroturnaround/javarebel/ejz;ILjava/lang/String;Ljava/lang/String;Ljava/lang/String;Ljava/lang/String;)Z @ 69
Event: 84.117 Thread 0x000000005f33f000 Uncommon trap: reason=class_check action=maybe_recompile pc=0x0000000003c5617c method=java.util.AbstractList.subList(II)Ljava/util/List; @ 10
Event: 84.117 Thread 0x000000005f33f000 Uncommon trap: reason=class_check action=maybe_recompile pc=0x0000000003c4fa60 method=java.util.SubList.<init>(Ljava/util/AbstractList;II)V @ 37
Event: 120.432 Thread 0x000000005f342800 Uncommon trap: reason=unstable_if action=reinterpret pc=0x0000000003ec35c8 method=org.springframework.util.StringUtils.hasLength(Ljava/lang/CharSequence;)Z @ 1
Event: 125.433 Thread 0x000000005f343800 Uncommon trap: reason=class_check action=maybe_recompile pc=0x0000000003c5617c method=java.util.AbstractList.subList(II)Ljava/util/List; @ 10
Event: 125.433 Thread 0x000000005f343800 Uncommon trap: reason=class_check action=maybe_recompile pc=0x0000000003c4fa60 method=java.util.SubList.<init>(Ljava/util/AbstractList;II)V @ 37
Event: 134.276 Thread 0x0000000058bc3800 Uncommon trap: reason=class_check action=maybe_recompile pc=0x0000000003c5617c method=java.util.AbstractList.subList(II)Ljava/util/List; @ 10
Event: 134.276 Thread 0x0000000058bc3800 Uncommon trap: reason=class_check action=maybe_recompile pc=0x0000000003c4fa60 method=java.util.SubList.<init>(Ljava/util/AbstractList;II)V @ 37

Internal exceptions (10 events):
Event: 78.950 Thread 0x00000000610b0800 Exception <a 'java/lang/ClassNotFoundException': com/netflix/loadbalancer/DynamicServerListLoadBalancerCustomizer> (0x00000000d6651500) thrown at [C:\re\workspace\8-2-build-windows-amd64-cygwin\jdk8u111\7883\hotspot\src\share\vm\classfile\systemDictionary
Event: 78.952 Thread 0x00000000610b0800 Exception <a 'java/lang/ClassNotFoundException': com/netflix/loadbalancer/ZoneAwareLoadBalancerCustomizer> (0x00000000d6691b80) thrown at [C:\re\workspace\8-2-build-windows-amd64-cygwin\jdk8u111\7883\hotspot\src\share\vm\classfile\systemDictionary.cpp, li
Event: 78.960 Thread 0x00000000610b0800 Exception <a 'java/lang/ClassNotFoundException': java/lang/ObjectCustomizer> (0x00000000d6727fc0) thrown at [C:\re\workspace\8-2-build-windows-amd64-cygwin\jdk8u111\7883\hotspot\src\share\vm\classfile\systemDictionary.cpp, line 210]
Event: 78.961 Thread 0x00000000610b0800 Exception <a 'java/lang/ClassNotFoundException': com/netflix/loadbalancer/LoadBalancerContextCustomizer> (0x00000000d6751000) thrown at [C:\re\workspace\8-2-build-windows-amd64-cygwin\jdk8u111\7883\hotspot\src\share\vm\classfile\systemDictionary.cpp, line
Event: 78.962 Thread 0x00000000610b0800 Exception <a 'java/lang/ClassNotFoundException': org/springframework/cloud/netflix/ribbon/RibbonLoadBalancerContextCustomizer> (0x00000000d6793238) thrown at [C:\re\workspace\8-2-build-windows-amd64-cygwin\jdk8u111\7883\hotspot\src\share\vm\classfile\syst
Event: 95.848 Thread 0x000000005a338800 Exception <a 'java/net/SocketTimeoutException': Read timed out> (0x00000000d8e4a380) thrown at [C:\re\workspace\8-2-build-windows-amd64-cygwin\jdk8u111\7883\hotspot\src\share\vm\prims\jni.cpp, line 735]
Event: 120.432 Thread 0x000000005f342800 Implicit null exception at 0x0000000003ec354c to 0x0000000003ec35b5
Event: 125.866 Thread 0x000000005a338800 Exception <a 'java/net/SocketTimeoutException': Read timed out> (0x00000000d8e57738) thrown at [C:\re\workspace\8-2-build-windows-amd64-cygwin\jdk8u111\7883\hotspot\src\share\vm\prims\jni.cpp, line 735]
Event: 185.951 Thread 0x00000000610ab800 Exception <a 'java/net/SocketTimeoutException': Read timed out> (0x00000000d8bddfa8) thrown at [C:\re\workspace\8-2-build-windows-amd64-cygwin\jdk8u111\7883\hotspot\src\share\vm\prims\jni.cpp, line 735]
Event: 215.958 Thread 0x00000000610ab800 Exception <a 'java/net/SocketTimeoutException': Read timed out> (0x00000000d8be8330) thrown at [C:\re\workspace\8-2-build-windows-amd64-cygwin\jdk8u111\7883\hotspot\src\share\vm\prims\jni.cpp, line 735]

Events (10 events):
Event: 238.539 Thread 0x000000005a310800 flushing nmethod 0x000000000288ef90
Event: 238.539 Thread 0x000000005a310800 flushing nmethod 0x00000000028dbc90
Event: 238.566 Thread 0x000000005a310800 flushing nmethod 0x0000000002939d10
Event: 238.566 Thread 0x000000005a310800 flushing nmethod 0x0000000002945250
Event: 240.141 Thread 0x000000005a30f800 flushing nmethod 0x0000000002ba81d0
Event: 240.142 Thread 0x000000005a30f800 flushing nmethod 0x0000000002be5e50
Event: 240.570 Thread 0x000000005a310800 flushing nmethod 0x0000000002f67090
Event: 240.570 Thread 0x000000005a310800 flushing nmethod 0x0000000002f6ffd0
Event: 240.570 Thread 0x000000005a310800 flushing nmethod 0x0000000002f72150
Event: 242.314 Thread 0x000000005a310800 flushing nmethod 0x0000000003089890


Dynamic libraries:
0x000000013fa00000 - 0x000000013fa37000 	D:\Program Files\Java\jdk1.8.0_111\bin\java.exe
0x00000000771e0000 - 0x000000007738a000 	C:\Windows\SYSTEM32\ntdll.dll
0x00000000770c0000 - 0x00000000771df000 	C:\Windows\system32\kernel32.dll
0x000007fefd280000 - 0x000007fefd2ea000 	C:\Windows\system32\KERNELBASE.dll
0x000007fefdda0000 - 0x000007fefde7b000 	C:\Windows\system32\ADVAPI32.dll
0x000007feff450000 - 0x000007feff4ef000 	C:\Windows\system32\msvcrt.dll
0x000007fefe560000 - 0x000007fefe57f000 	C:\Windows\SYSTEM32\sechost.dll
0x000007fefde80000 - 0x000007fefdfad000 	C:\Windows\system32\RPCRT4.dll
0x0000000076fc0000 - 0x00000000770ba000 	C:\Windows\system32\USER32.dll
0x000007fefd500000 - 0x000007fefd567000 	C:\Windows\system32\GDI32.dll
0x000007feff3a0000 - 0x000007feff3ae000 	C:\Windows\system32\LPK.dll
0x000007fefd600000 - 0x000007fefd6cb000 	C:\Windows\system32\USP10.dll
0x000007fefbb80000 - 0x000007fefbd74000 	C:\Windows\WinSxS\amd64_microsoft.windows.common-controls_6595b64144ccf1df_6.0.7601.18837_none_fa3b1e3d17594757\COMCTL32.dll
0x000007fefd7e0000 - 0x000007fefd851000 	C:\Windows\system32\SHLWAPI.dll
0x000007fefd5d0000 - 0x000007fefd5fe000 	C:\Windows\system32\IMM32.DLL
0x000007fefd6d0000 - 0x000007fefd7d9000 	C:\Windows\system32\MSCTF.dll
0x000000006b580000 - 0x000000006b652000 	D:\Program Files\Java\jdk1.8.0_111\jre\bin\msvcr100.dll
0x0000000066cb0000 - 0x000000006754a000 	D:\Program Files\Java\jdk1.8.0_111\jre\bin\server\jvm.dll
0x000007fef12f0000 - 0x000007fef12f9000 	C:\Windows\system32\WSOCK32.dll
0x000007fefdbc0000 - 0x000007fefdc0d000 	C:\Windows\system32\WS2_32.dll
0x000007fefe580000 - 0x000007fefe588000 	C:\Windows\system32\NSI.dll
0x000007fefae00000 - 0x000007fefae3b000 	C:\Windows\system32\WINMM.dll
0x000007fefc210000 - 0x000007fefc21c000 	C:\Windows\system32\VERSION.dll
0x00000000773b0000 - 0x00000000773b7000 	C:\Windows\system32\PSAPI.DLL
0x000000006f410000 - 0x000000006f41f000 	D:\Program Files\Java\jdk1.8.0_111\jre\bin\verify.dll
0x000000006f220000 - 0x000000006f249000 	D:\Program Files\Java\jdk1.8.0_111\jre\bin\java.dll
0x000000006e5d0000 - 0x000000006e605000 	D:\Program Files\Java\jdk1.8.0_111\jre\bin\jdwp.dll
0x000000006ffe0000 - 0x000000006ffe8000 	D:\Program Files\Java\jdk1.8.0_111\jre\bin\npt.dll
0x000007fefa910000 - 0x000007fefa932000 	C:\Users\Peter\.IntelliJIdea2016.3\config\plugins\jr-ide-idea\lib\jrebel6\lib\jrebel64.dll
0x000007fefe590000 - 0x000007feff31a000 	C:\Windows\system32\SHELL32.dll
0x000000006f260000 - 0x000000006f276000 	D:\Program Files\Java\jdk1.8.0_111\jre\bin\zip.dll
0x000007fefe210000 - 0x000007fefe40c000 	C:\Windows\system32\ole32.dll
0x000007fefd0f0000 - 0x000007fefd0ff000 	C:\Windows\system32\profapi.dll
0x000000006fd80000 - 0x000000006fd89000 	D:\Program Files\Java\jdk1.8.0_111\jre\bin\dt_socket.dll
0x000007fefc8e0000 - 0x000007fefc935000 	C:\Windows\system32\mswsock.dll
0x000007fefc2e0000 - 0x000007fefc2e7000 	C:\Windows\System32\wshtcpip.dll
0x000000006f450000 - 0x000000006f474000 	D:\Program Files\Java\jdk1.8.0_111\jre\bin\sunec.dll
0x000000006f1b0000 - 0x000000006f1ca000 	D:\Program Files\Java\jdk1.8.0_111\jre\bin\net.dll
0x000007fefc8d0000 - 0x000007fefc8d7000 	C:\Windows\System32\wship6.dll
0x000007fefb060000 - 0x000007fefb075000 	C:\Windows\system32\NLAapi.dll
0x000007fef8e60000 - 0x000007fef8e75000 	C:\Windows\system32\napinsp.dll
0x000007fef8e40000 - 0x000007fef8e59000 	C:\Windows\system32\pnrpnsp.dll
0x000007fefc760000 - 0x000007fefc7bb000 	C:\Windows\system32\DNSAPI.dll
0x000007fef8e30000 - 0x000007fef8e3b000 	C:\Windows\System32\winrnr.dll
0x000007fef9ec0000 - 0x000007fef9ee7000 	C:\Windows\system32\IPHLPAPI.DLL
0x000007fef9eb0000 - 0x000007fef9ebb000 	C:\Windows\system32\WINNSI.DLL
0x000007fef7c90000 - 0x000007fef7c98000 	C:\Windows\system32\rasadhlp.dll
0x000007fef9d90000 - 0x000007fef9de3000 	C:\Windows\System32\fwpuclnt.dll
0x000007fef9d40000 - 0x000007fef9d51000 	C:\Windows\system32\dhcpcsvc6.DLL
0x000007fef9cd0000 - 0x000007fef9ce8000 	C:\Windows\system32\dhcpcsvc.DLL
0x000000006fd10000 - 0x000000006fd1b000 	D:\Program Files\Java\jdk1.8.0_111\jre\bin\sunmscapi.dll
0x000007fefd330000 - 0x000007fefd49d000 	C:\Windows\system32\CRYPT32.dll
0x000007fefd190000 - 0x000007fefd19f000 	C:\Windows\system32\MSASN1.dll
0x000000006f070000 - 0x000000006f081000 	D:\Program Files\Java\jdk1.8.0_111\jre\bin\nio.dll
0x000007fefc0b0000 - 0x000007fefc0c0000 	C:\Users\Peter\AppData\Local\Temp\jrebel-temp\ver-967690b3\IdeaWin64.dll
0x000007fefcf80000 - 0x000007fefcfd7000 	C:\Windows\system32\apphelp.dll
0x000000006fd20000 - 0x000000006fd2d000 	D:\Program Files\Java\jdk1.8.0_111\jre\bin\management.dll
0x000007fefc940000 - 0x000007fefc958000 	C:\Windows\system32\CRYPTSP.dll
0x000007fefc640000 - 0x000007fefc687000 	C:\Windows\system32\rsaenh.dll
0x000007fefc400000 - 0x000007fefc41e000 	C:\Windows\system32\USERENV.dll
0x000007fefcfe0000 - 0x000007fefcfef000 	C:\Windows\system32\CRYPTBASE.dll

VM Arguments:
jvm_args: -agentlib:jdwp=transport=dt_socket,address=127.0.0.1:3049,suspend=y,server=n -Drebel.base=C:\Users\Peter\.jrebel -Drebel.env.ide.plugin.version=6.4.3 -Drebel.env.ide.version=2016.3.4 -Drebel.env.ide.product=IU -Drebel.env.ide=intellij -Drebel.notification.url=http://localhost:17434 -agentpath:C:\Users\Peter\.IntelliJIdea2016.3\config\plugins\jr-ide-idea\lib\jrebel6\lib\jrebel64.dll -Dspring.output.ansi.enabled=always -Dfile.encoding=UTF-8 
java_command: com.example.ribbon.RibbonConsumerApplication
java_class_path (initial): D:\Program Files\Java\jdk1.8.0_111\jre\lib\charsets.jar;D:\Program Files\Java\jdk1.8.0_111\jre\lib\deploy.jar;D:\Program Files\Java\jdk1.8.0_111\jre\lib\ext\access-bridge-64.jar;D:\Program Files\Java\jdk1.8.0_111\jre\lib\ext\cldrdata.jar;D:\Program Files\Java\jdk1.8.0_111\jre\lib\ext\dnsns.jar;D:\Program Files\Java\jdk1.8.0_111\jre\lib\ext\jaccess.jar;D:\Program Files\Java\jdk1.8.0_111\jre\lib\ext\jfxrt.jar;D:\Program Files\Java\jdk1.8.0_111\jre\lib\ext\localedata.jar;D:\Program Files\Java\jdk1.8.0_111\jre\lib\ext\nashorn.jar;D:\Program Files\Java\jdk1.8.0_111\jre\lib\ext\sunec.jar;D:\Program Files\Java\jdk1.8.0_111\jre\lib\ext\sunjce_provider.jar;D:\Program Files\Java\jdk1.8.0_111\jre\lib\ext\sunmscapi.jar;D:\Program Files\Java\jdk1.8.0_111\jre\lib\ext\sunpkcs11.jar;D:\Program Files\Java\jdk1.8.0_111\jre\lib\ext\zipfs.jar;D:\Program Files\Java\jdk1.8.0_111\jre\lib\javaws.jar;D:\Program Files\Java\jdk1.8.0_111\jre\lib\jce.jar;D:\Program Files\Java\jdk1.8.0_111\jre\lib\jfr.jar;D:\Program Files\Java\jdk1.8.0_111\jre\lib\jfxswt.jar;D:\Program Files\Java\jdk1.8.0_111\jre\lib\jsse.jar;D:\Program Files\Java\jdk1.8.0_111\jre\lib\management-agent.jar;D:\Program Files\Java\jdk1.8.0_111\jre\lib\plugin.jar;D:\Program Files\Java\jdk1.8.0_111\jre\lib\resources.jar;D:\Program Files\Java\jdk1.8.0_111\jre\lib\rt.jar;D:\Coding\local\SpringCloud\ribbon-consumer\build\classes\main;D:\Coding\local\SpringCloud\ribbon-consumer\build\resources\main;C:\Users\Peter\.gradle\caches\modules-2\files-2.1\org.springframework.cloud\spring-cloud-config-server\1.1.2.RELEASE\33a544a171953cdfa92d8612968b6c34e7858b91\spring-cloud-config-server-1.1.2.RELEASE.jar;C:\Users\Peter\.gradle\caches\modules-2\files-2.1\org.springframework.cloud\spring-cloud-starter-eureka-server\1.1.5.RELEASE\e3c94f5dd569643ce55b55933a9400231703e46c\spring-cloud-starter-eureka-server-1.1.5.RELEASE.jar;C:\Users\Peter\.gradle\caches\modules-2\files-2.1\org.springframework.cloud\spring-cloud-starter-ri
Launcher Type: SUN_STANDARD

Environment Variables:
JAVA_HOME=D:\Program Files\Java\jdk1.8.0_111
PATH=d:\program files (x86)\graphicsmagick-1.3.26-q16;d:\ImageMagick;d:\Program Files\ImageMagick-7.0.6-Q16;c:\program files (x86)\graphicsmagick-1.3.15-q16;C:\Windows\system32;C:\Windows;C:\Windows\System32\Wbem;C:\Windows\System32\WindowsPowerShell\v1.0\;D:\Program Files\apache-maven-3.3.9\bin;D:\Program Files\TortoiseSVN\bin;D:\Program Files\gradle-2.14-rc-5\bin;C:\Program Files\MySQL\MySQL Utilities 1.6\;D:\Program Files\Java\jdk1.8.0_111\bin;D:\Program Files\Java\jdk1.8.0_111\jre\bin;C:\Program Files\MongoDB 2.6 Standard\bin;C:\Program Files\Microsoft\Web Platform Installer\;C:\Program Files (x86)\Microsoft ASP.NET\ASP.NET Web Pages\v1.0\;C:\Program Files (x86)\Windows Kits\8.0\Windows Performance Toolkit\;C:\Program Files\Microsoft SQL Server\110\Tools\Binn\;C:\Program Files (x86)\Microsoft SQL Server\100\Tools\Binn\;C:\Program Files\Microsoft SQL Server\100\Tools\Binn\;C:\Program Files\Microsoft SQL Server\100\DTS\Binn\;C:\Program Files (x86)\Microsoft SQL Server\100\Tools\Binn\VSShell\Common7\IDE\;C:\Program Files (x86)\Microsoft Visual Studio 9.0\Common7\IDE\PrivateAssemblies\;C:\Program Files (x86)\Microsoft SQL Server\100\DTS\Binn\
USERNAME=Peter
OS=Windows_NT
PROCESSOR_IDENTIFIER=Intel64 Family 6 Model 60 Stepping 3, GenuineIntel



---------------  S Y S T E M  ---------------

OS: Windows 7 , 64 bit Build 7601 (6.1.7601.23889)

CPU:total 2 (2 cores per cpu, 1 threads per core) family 6 model 60 stepping 3, cmov, cx8, fxsr, mmx, sse, sse2, sse3, ssse3, sse4.1, sse4.2, popcnt, clmul, erms, lzcnt, tsc, tscinvbit

Memory: 4k page, physical 8263704k(1589976k free), swap 16525548k(6535988k free)

vm_info: Java HotSpot(TM) 64-Bit Server VM (25.111-b14) for windows-amd64 JRE (1.8.0_111-b14), built on Sep 22 2016 19:24:05 by "java_re" with MS VC++ 10.0 (VS2010)

time: Thu Sep 14 10:22:06 2017
elapsed time: 243 seconds (0d 0h 4m 3s)

